\BOOKMARK [1][-]{section.1}{Introduction}{}% 1
\BOOKMARK [2][-]{subsection.1.1}{Le probl\350me du voyageur de commerce}{section.1}% 2
\BOOKMARK [2][-]{subsection.1.2}{Les algorithme g\351n\351tiques}{section.1}% 3
\BOOKMARK [3][-]{subsubsection.1.2.1}{L'individu}{subsection.1.2}% 4
\BOOKMARK [3][-]{subsubsection.1.2.2}{La population}{subsection.1.2}% 5
\BOOKMARK [3][-]{subsubsection.1.2.3}{La ``fitness``}{subsection.1.2}% 6
\BOOKMARK [3][-]{subsubsection.1.2.4}{L'\351valuation}{subsection.1.2}% 7
\BOOKMARK [3][-]{subsubsection.1.2.5}{La s\351lection}{subsection.1.2}% 8
\BOOKMARK [3][-]{subsubsection.1.2.6}{Le croisement, ou ``crossover``}{subsection.1.2}% 9
\BOOKMARK [3][-]{subsubsection.1.2.7}{La mutation}{subsection.1.2}% 10
\BOOKMARK [1][-]{section.2}{Application au probl\350me du voyageur de commerce.}{}% 11
\BOOKMARK [2][-]{subsection.2.1}{Repr\351senter les entit\351s}{section.2}% 12
\BOOKMARK [2][-]{subsection.2.2}{Quelques m\351thodes}{section.2}% 13
\BOOKMARK [3][-]{subsubsection.2.2.1}{La g\351n\351ration de la population}{subsection.2.2}% 14
\BOOKMARK [3][-]{subsubsection.2.2.2}{La s\351lection}{subsection.2.2}% 15
\BOOKMARK [3][-]{subsubsection.2.2.3}{La mutation}{subsection.2.2}% 16
\BOOKMARK [3][-]{subsubsection.2.2.4}{Le croisement}{subsection.2.2}% 17
\BOOKMARK [3][-]{subsubsection.2.2.5}{L'\351volution}{subsection.2.2}% 18
\BOOKMARK [1][-]{section.3}{Le client}{}% 19
\BOOKMARK [1][-]{section.4}{Les r\351sultats}{}% 20
\BOOKMARK [2][-]{subsection.4.1}{Performances}{section.4}% 21
\BOOKMARK [1][-]{section.5}{Conclusion}{}% 22
\BOOKMARK [2][-]{subsection.5.1}{Difficult\351s rencontr\351es}{section.5}% 23
